custom/config/custom_sys_cfg.c:77:1: warning: "/*" within comment [-Wcomment]
 /* There is a hardware watchdog inside the module, so customers do not need to add an external watchdog.  */
 ^
ril/src/ril_atResponse.c: In function 'Ql_RIL_AT_SetErrCode':
ril/src/ril_atResponse.c:50:1: warning: control reaches end of non-void function [-Wreturn-type]
 s32 Ql_RIL_AT_SetErrCode(s32 errCode) {m_iErrCode = errCode;}
 ^
ril/src/ril_dfota.c: In function 'RIL_DFOTA_Upgrade':
ril/src/ril_dfota.c:65:5: warning: pointer targets in passing argument 1 of 'Ql_sprintf' differ in signedness [-Wpointer-sign]
     Ql_sprintf(strAT,"AT+QFOTADL=\"%s\"\n",url);
     ^
ril/src/ril_dfota.c:65:5: note: expected 'char *' but argument is of type 'u8 *'
ril/src/ril_dfota.c:67:5: warning: pointer targets in passing argument 1 of 'Ql_strlen' differ in signedness [-Wpointer-sign]
     ret = Ql_RIL_SendATCmd(strAT,Ql_strlen(strAT), NULL,NULL,0);
     ^
In file included from ril/src/ril_dfota.c:38:0:
include/ql_stdlib.h:52:7: note: expected 'const char *' but argument is of type 'u8 *'
 u32   Ql_strlen(const char* str);
       ^
ril/src/ril_dfota.c:67:5: warning: pointer targets in passing argument 1 of 'Ql_RIL_SendATCmd' differ in signedness [-Wpointer-sign]
     ret = Ql_RIL_SendATCmd(strAT,Ql_strlen(strAT), NULL,NULL,0);
     ^
In file included from ril/src/ril_dfota.c:36:0:
ril/inc/ril.h:225:12: note: expected 'char *' but argument is of type 'u8 *'
 extern s32 Ql_RIL_SendATCmd(char*  atCmd, u32 atCmdLen, Callback_ATResponse atRsp_callBack, void* userData, u32 timeOut);
            ^
ril/src/ril_dfota.c: In function 'DFOTA_Analysis':
ril/src/ril_dfota.c:84:2: warning: implicit declaration of function 'QSDK_Get_Str' [-Wimplicit-function-declaration]
  QSDK_Get_Str(buffer,strTmp,1);
  ^
ril/src/ril_dfota.c:98:3: warning: pointer targets in passing argument 1 of 'Ql_atoi' differ in signedness [-Wpointer-sign]
   *dfota_errno = Ql_atoi(strTmp);
   ^
In file included from ril/src/ril_dfota.c:38:0:
include/ql_stdlib.h:39:8: note: expected 'const char *' but argument is of type 'u8 *'
 s32    Ql_atoi(const char* s);
        ^
ril/src/ril_dfota.c:120:3: warning: pointer targets in passing argument 1 of 'Ql_atoi' differ in signedness [-Wpointer-sign]
   *dfota_errno = Ql_atoi(strTmp);
   ^
In file included from ril/src/ril_dfota.c:38:0:
include/ql_stdlib.h:39:8: note: expected 'const char *' but argument is of type 'u8 *'
 s32    Ql_atoi(const char* s);
        ^
ril/src/ril_lwm2m.c: In function 'ATResponse_Recv_Handler':
ril/src/ril_lwm2m.c:203:5: warning: pointer targets in passing argument 3 of 'Ql_RIL_FindString' differ in signedness [-Wpointer-sign]
     char *head = Ql_RIL_FindString(line, len, lwm2m_recv_param->prefix); //continue wait
     ^
In file included from ril/src/ril_lwm2m.c:36:0:
ril/inc/ril_util.h:69:14: note: expected 'char *' but argument is of type 'u8 *'
 extern char* Ql_RIL_FindString(char *line, u32 len,char *str);
              ^
ril/src/ril_lwm2m.c:217:10: warning: implicit declaration of function 'QSDK_Get_Str' [-Wimplicit-function-declaration]
          QSDK_Get_Str(p1,strTmp,0);
          ^
ril/src/ril_lwm2m.c:243:9: warning: pointer targets in passing argument 1 of 'Ql_strncpy' differ in signedness [-Wpointer-sign]
         Ql_strncpy(lwm2m_recv_param->buffer,line,lwm2m_rd_temp_param.actual_length*2);     
         ^
In file included from ril/src/ril_lwm2m.c:37:0:
include/ql_stdlib.h:46:7: note: expected 'char *' but argument is of type 'u8 *'
 char* Ql_strncpy(char* dest, const char* src, u32 size);
       ^
ril/src/ril_lwm2m.c: In function 'RIL_QLwM2M_Send':
ril/src/ril_lwm2m.c:458:4: warning: pointer targets in passing argument 1 of 'Ql_sprintf' differ in signedness [-Wpointer-sign]
    Ql_sprintf(strAT, "AT+QLWDATASEND=%d,%d,%d,%d,%s,%s\n",lwm2m_send_param_t->obj_id,\
    ^
ril/src/ril_lwm2m.c:458:4: note: expected 'char *' but argument is of type 'u8 *'
ril/src/ril_lwm2m.c:460:7: warning: pointer targets in passing argument 1 of 'Ql_strlen' differ in signedness [-Wpointer-sign]
       ret = Ql_RIL_SendATCmd(strAT,Ql_strlen(strAT),ATResponse_Handler,NULL,0);
       ^
In file included from ril/src/ril_lwm2m.c:37:0:
include/ql_stdlib.h:52:7: note: expected 'const char *' but argument is of type 'u8 *'
 u32   Ql_strlen(const char* str);
       ^
ril/src/ril_lwm2m.c:460:7: warning: pointer targets in passing argument 1 of 'Ql_RIL_SendATCmd' differ in signedness [-Wpointer-sign]
       ret = Ql_RIL_SendATCmd(strAT,Ql_strlen(strAT),ATResponse_Handler,NULL,0);
       ^
In file included from ril/src/ril_lwm2m.c:35:0:
ril/inc/ril.h:225:12: note: expected 'char *' but argument is of type 'u8 *'
 extern s32 Ql_RIL_SendATCmd(char*  atCmd, u32 atCmdLen, Callback_ATResponse atRsp_callBack, void* userData, u32 timeOut);
            ^
ril/src/ril_lwm2m.c:464:4: warning: pointer targets in passing argument 1 of 'Ql_sprintf' differ in signedness [-Wpointer-sign]
    Ql_sprintf(strAT, "AT+QLWDATASEND=%d,%d,%d,%d,%s,%s\n",lwm2m_send_param_t->obj_id,\
    ^
ril/src/ril_lwm2m.c:464:4: note: expected 'char *' but argument is of type 'u8 *'
ril/src/ril_lwm2m.c:466:7: warning: pointer targets in passing argument 1 of 'Ql_strlen' differ in signedness [-Wpointer-sign]
       ret = Ql_RIL_SendATCmd(strAT,Ql_strlen(strAT),ATResponse_Send_Handler,NULL,0);
       ^
In file included from ril/src/ril_lwm2m.c:37:0:
include/ql_stdlib.h:52:7: note: expected 'const char *' but argument is of type 'u8 *'
 u32   Ql_strlen(const char* str);
       ^
ril/src/ril_lwm2m.c:466:7: warning: pointer targets in passing argument 1 of 'Ql_RIL_SendATCmd' differ in signedness [-Wpointer-sign]
       ret = Ql_RIL_SendATCmd(strAT,Ql_strlen(strAT),ATResponse_Send_Handler,NULL,0);
       ^
In file included from ril/src/ril_lwm2m.c:35:0:
ril/inc/ril.h:225:12: note: expected 'char *' but argument is of type 'u8 *'
 extern s32 Ql_RIL_SendATCmd(char*  atCmd, u32 atCmdLen, Callback_ATResponse atRsp_callBack, void* userData, u32 timeOut);
            ^
ril/src/ril_lwm2m.c: In function 'RIL_QLwM2M_RD':
ril/src/ril_lwm2m.c:488:25: warning: pointer targets in assignment differ in signedness [-Wpointer-sign]
  Lwm2m_recv_param.prefix="+QLWRD:";
                         ^
ril/src/ril_lwm2m.c:511:4: warning: pointer targets in passing argument 1 of 'Ql_strlen' differ in signedness [-Wpointer-sign]
    Ql_memcpy(data_buffer,Lwm2m_recv_param.buffer,Ql_strlen(Lwm2m_recv_param.buffer));
    ^
In file included from ril/src/ril_lwm2m.c:37:0:
include/ql_stdlib.h:52:7: note: expected 'const char *' but argument is of type 'u8 *'
 u32   Ql_strlen(const char* str);
       ^
ril/src/ril_lwm2m.c: At top level:
ril/src/ril_lwm2m.c:62:13: warning: 'DBG_BUFFER' defined but not used [-Wunused-variable]
 static char DBG_BUFFER[DBG_BUF_LEN];
             ^
ril/src/ril_lwm2m.c:114:12: warning: 'ATResponse_Open_Handler' defined but not used [-Wunused-function]
 static s32 ATResponse_Open_Handler(char* line, u32 len, void* userData)
            ^
ril/src/ril_onenet.c: In function 'ATResponse_Create_Handler':
ril/src/ril_onenet.c:100:5: warning: pointer targets in passing argument 3 of 'Ql_RIL_FindString' differ in signedness [-Wpointer-sign]
     char *head = Ql_RIL_FindString(line, len, onenet_param->prefix); //continue wait
     ^
In file included from ril/src/ril_onenet.c:37:0:
ril/inc/ril_util.h:69:14: note: expected 'char *' but argument is of type 'u8 *'
 extern char* Ql_RIL_FindString(char *line, u32 len,char *str);
              ^
ril/src/ril_onenet.c: In function 'ATResponse_Read_Handler':
ril/src/ril_onenet.c:150:5: warning: pointer targets in passing argument 3 of 'Ql_RIL_FindString' differ in signedness [-Wpointer-sign]
     char *head = Ql_RIL_FindString(line, len, onenet_param->prefix); //continue wait
     ^
In file included from ril/src/ril_onenet.c:37:0:
ril/inc/ril_util.h:69:14: note: expected 'char *' but argument is of type 'u8 *'
 extern char* Ql_RIL_FindString(char *line, u32 len,char *str);
              ^
ril/src/ril_onenet.c:161:10: warning: implicit declaration of function 'QSDK_Get_Str' [-Wimplicit-function-declaration]
          QSDK_Get_Str(p1,strTmp,0);
          ^
ril/src/ril_onenet.c:186:9: warning: pointer targets in passing argument 1 of 'Ql_strncpy' differ in signedness [-Wpointer-sign]
         Ql_strncpy(onenet_param->buffer,line,onenet_rd_temp_param.actual_length*2);     
         ^
In file included from ril/src/ril_onenet.c:38:0:
include/ql_stdlib.h:46:7: note: expected 'char *' but argument is of type 'u8 *'
 char* Ql_strncpy(char* dest, const char* src, u32 size);
       ^
ril/src/ril_onenet.c:153:11: warning: unused variable 'p2' [-Wunused-variable]
     char* p2 = NULL;
           ^
ril/src/ril_onenet.c: In function 'RIL_QONENET_Create':
ril/src/ril_onenet.c:234:22: warning: pointer targets in assignment differ in signedness [-Wpointer-sign]
  onenet_param.prefix ="+MIPLCREATE:";
                      ^
ril/src/ril_onenet.c: In function 'RIL_QONENET_Notify':
ril/src/ril_onenet.c:384:2: warning: pointer targets in passing argument 1 of 'Ql_strlen' differ in signedness [-Wpointer-sign]
  if(onenet_notify_param_t->len != Ql_strlen(onenet_notify_param_t->value))
  ^
In file included from ril/src/ril_onenet.c:38:0:
include/ql_stdlib.h:52:7: note: expected 'const char *' but argument is of type 'u8 *'
 u32   Ql_strlen(const char* str);
       ^
ril/src/ril_onenet.c:393:2: warning: pointer targets in passing argument 1 of 'Ql_sprintf' differ in signedness [-Wpointer-sign]
  Ql_sprintf(strAT,"AT+MIPLNOTIFY=%d,%d,%d,%d,%d,%d,%d,%s,%d,%d\n",onenet_notify_param_t->ref,\
  ^
ril/src/ril_onenet.c:393:2: note: expected 'char *' but argument is of type 'u8 *'
ril/src/ril_onenet.c:400:2: warning: pointer targets in passing argument 1 of 'Ql_sprintf' differ in signedness [-Wpointer-sign]
  Ql_sprintf(strAT,"AT+MIPLNOTIFY=%d,%d,%d,%d,%d,%d,%d,%s,%d,%d,%d\n",onenet_notify_param_t->ref,\
  ^
ril/src/ril_onenet.c:400:2: note: expected 'char *' but argument is of type 'u8 *'
ril/src/ril_onenet.c:406:2: warning: pointer targets in passing argument 1 of 'Ql_strlen' differ in signedness [-Wpointer-sign]
  ret = Ql_RIL_SendATCmd(strAT,Ql_strlen(strAT), ATResponse_Handler,NULL,0);
  ^
In file included from ril/src/ril_onenet.c:38:0:
include/ql_stdlib.h:52:7: note: expected 'const char *' but argument is of type 'u8 *'
 u32   Ql_strlen(const char* str);
       ^
ril/src/ril_onenet.c:406:2: warning: pointer targets in passing argument 1 of 'Ql_RIL_SendATCmd' differ in signedness [-Wpointer-sign]
  ret = Ql_RIL_SendATCmd(strAT,Ql_strlen(strAT), ATResponse_Handler,NULL,0);
  ^
In file included from ril/src/ril_onenet.c:36:0:
ril/inc/ril.h:225:12: note: expected 'char *' but argument is of type 'u8 *'
 extern s32 Ql_RIL_SendATCmd(char*  atCmd, u32 atCmdLen, Callback_ATResponse atRsp_callBack, void* userData, u32 timeOut);
            ^
ril/src/ril_onenet.c: In function 'RIL_QONENET_Read_Rsp':
ril/src/ril_onenet.c:476:2: warning: pointer targets in passing argument 1 of 'Ql_sprintf' differ in signedness [-Wpointer-sign]
  Ql_sprintf(strAT,"AT+MIPLREADRSP=%d,%d,%d,%d,%d,%d,%d,%d,%s,%d,%d\n",onenet_read_param_t->ref,\
  ^
ril/src/ril_onenet.c:476:2: note: expected 'char *' but argument is of type 'u8 *'
ril/src/ril_onenet.c:481:2: warning: pointer targets in passing argument 1 of 'Ql_strlen' differ in signedness [-Wpointer-sign]
  ret = Ql_RIL_SendATCmd(strAT,Ql_strlen(strAT), ATResponse_Handler,NULL,0);
  ^
In file included from ril/src/ril_onenet.c:38:0:
include/ql_stdlib.h:52:7: note: expected 'const char *' but argument is of type 'u8 *'
 u32   Ql_strlen(const char* str);
       ^
ril/src/ril_onenet.c:481:2: warning: pointer targets in passing argument 1 of 'Ql_RIL_SendATCmd' differ in signedness [-Wpointer-sign]
  ret = Ql_RIL_SendATCmd(strAT,Ql_strlen(strAT), ATResponse_Handler,NULL,0);
  ^
In file included from ril/src/ril_onenet.c:36:0:
ril/inc/ril.h:225:12: note: expected 'char *' but argument is of type 'u8 *'
 extern s32 Ql_RIL_SendATCmd(char*  atCmd, u32 atCmdLen, Callback_ATResponse atRsp_callBack, void* userData, u32 timeOut);
            ^
ril/src/ril_onenet.c: In function 'RIL_QONENET_RD':
ril/src/ril_onenet.c:518:26: warning: pointer targets in assignment differ in signedness [-Wpointer-sign]
  ril_onenet_param.prefix ="MIPLRD";
                          ^
ril/src/ril_onenet.c:534:3: warning: pointer targets in passing argument 1 of 'Ql_strlen' differ in signedness [-Wpointer-sign]
   Ql_memcpy(data_buffer, ril_onenet_param.buffer, Ql_strlen(ril_onenet_param.buffer));
   ^
In file included from ril/src/ril_onenet.c:38:0:
include/ql_stdlib.h:52:7: note: expected 'const char *' but argument is of type 'u8 *'
 u32   Ql_strlen(const char* str);
       ^
ril/src/ril_socket.c: In function 'ATRsp_Soc_Qiopen_Handler':
ril/src/ril_socket.c:90:5: warning: pointer targets in passing argument 3 of 'Ql_RIL_FindString' differ in signedness [-Wpointer-sign]
     char *head = Ql_RIL_FindString(line, len, ril_socket_param_t->prefix); //continue wait
     ^
In file included from ril/src/ril_socket.c:36:0:
ril/inc/ril_util.h:69:14: note: expected 'char *' but argument is of type 'u8 *'
 extern char* Ql_RIL_FindString(char *line, u32 len,char *str);
              ^
ril/src/ril_socket.c:102:3: warning: implicit declaration of function 'QSDK_Get_Str' [-Wimplicit-function-declaration]
   QSDK_Get_Str(p1,strTmp,0);
   ^
ril/src/ril_socket.c: In function 'ATRsp_Soc_Qird_Handler':
ril/src/ril_socket.c:168:5: warning: pointer targets in passing argument 3 of 'Ql_RIL_FindString' differ in signedness [-Wpointer-sign]
     char *head = Ql_RIL_FindString(line, len, socket_param->prefix); //continue wait
     ^
In file included from ril/src/ril_socket.c:36:0:
ril/inc/ril_util.h:69:14: note: expected 'char *' but argument is of type 'u8 *'
 extern char* Ql_RIL_FindString(char *line, u32 len,char *str);
              ^
ril/src/ril_socket.c:179:25: warning: pointer targets in initialization differ in signedness [-Wpointer-sign]
    char* param_buffer = (u8*)Ql_MEM_Alloc(RECV_BUFFER_LENGTH);
                         ^
ril/src/ril_socket.c:192:5: warning: implicit declaration of function 'open_socket_rd_param_parse_cmd' [-Wimplicit-function-declaration]
     u32 param_num = open_socket_rd_param_parse_cmd(p1, len, param_buffer, param_list, 20);
     ^
ril/src/ril_socket.c:209:7: warning: pointer targets in passing argument 1 of 'Ql_strncpy' differ in signedness [-Wpointer-sign]
       Ql_strncpy(socket_param->buffer, param_list[2], socket_param->length*2 );
       ^
In file included from ril/src/ril_socket.c:37:0:
include/ql_stdlib.h:46:7: note: expected 'char *' but argument is of type 'u8 *'
 char* Ql_strncpy(char* dest, const char* src, u32 size);
       ^
ril/src/ril_socket.c:216:29: warning: pointer targets in passing argument 1 of 'Ql_HexStrToInt' differ in signedness [-Wpointer-sign]
                             Ql_HexStrToInt(strdata,socket_param->buffer+i);
                             ^
In file included from ril/src/ril_socket.c:36:0:
ril/inc/ril_util.h:48:13: note: expected 'u8 *' but argument is of type 'char *'
 extern bool Ql_HexStrToInt(u8 *str, u32 *val);
             ^
ril/src/ril_socket.c:216:29: warning: passing argument 2 of 'Ql_HexStrToInt' from incompatible pointer type [enabled by default]
                             Ql_HexStrToInt(strdata,socket_param->buffer+i);
                             ^
In file included from ril/src/ril_socket.c:36:0:
ril/inc/ril_util.h:48:13: note: expected 'u32 *' but argument is of type 'u8 *'
 extern bool Ql_HexStrToInt(u8 *str, u32 *val);
             ^
ril/src/ril_socket.c:184:16: warning: unused variable 'chardata' [-Wunused-variable]
             u8 chardata;
                ^
ril/src/ril_socket.c:177:18: warning: unused variable 'strTmp' [-Wunused-variable]
             char strTmp[10];
                  ^
ril/src/ril_socket.c:170:8: warning: unused variable 'bufhex' [-Wunused-variable]
     u8 bufhex[128];
        ^
ril/src/ril_socket.c: In function 'RIL_SOC_QIOPEN':
ril/src/ril_socket.c:321:25: warning: pointer targets in assignment differ in signedness [-Wpointer-sign]
  ril_socket_param.prefix="+QIOPEN:";
                         ^
ril/src/ril_socket.c: In function 'RIL_SOC_QISEND':
ril/src/ril_socket.c:358:5: warning: pointer targets in passing argument 1 of 'Ql_sprintf' differ in signedness [-Wpointer-sign]
     Ql_sprintf(strAT, "AT+QISEND=%d,%d,%s\n",connectID,send_length, send_buffer);
     ^
ril/src/ril_socket.c:358:5: note: expected 'char *' but argument is of type 'u8 *'
ril/src/ril_socket.c:359:5: warning: pointer targets in passing argument 1 of 'Ql_strlen' differ in signedness [-Wpointer-sign]
     ret = Ql_RIL_SendATCmd(strAT,Ql_strlen(strAT),ATRsp_Soc_Qisend_Handler,0,0);
     ^
In file included from ril/src/ril_socket.c:37:0:
include/ql_stdlib.h:52:7: note: expected 'const char *' but argument is of type 'u8 *'
 u32   Ql_strlen(const char* str);
       ^
ril/src/ril_socket.c:359:5: warning: pointer targets in passing argument 1 of 'Ql_RIL_SendATCmd' differ in signedness [-Wpointer-sign]
     ret = Ql_RIL_SendATCmd(strAT,Ql_strlen(strAT),ATRsp_Soc_Qisend_Handler,0,0);
     ^
In file included from ril/src/ril_socket.c:35:0:
ril/inc/ril.h:225:12: note: expected 'char *' but argument is of type 'u8 *'
 extern s32 Ql_RIL_SendATCmd(char*  atCmd, u32 atCmdLen, Callback_ATResponse atRsp_callBack, void* userData, u32 timeOut);
            ^
ril/src/ril_socket.c: In function 'RIL_SOC_QISENDEX':
ril/src/ril_socket.c:383:5: warning: pointer targets in passing argument 1 of 'Ql_sprintf' differ in signedness [-Wpointer-sign]
     Ql_sprintf(strAT, "AT+QISENDEX=%d,%d,%s\n",connectID,send_length, send_hex_buffer);
     ^
ril/src/ril_socket.c:383:5: note: expected 'char *' but argument is of type 'u8 *'
ril/src/ril_socket.c:384:5: warning: pointer targets in passing argument 1 of 'Ql_strlen' differ in signedness [-Wpointer-sign]
     ret = Ql_RIL_SendATCmd(strAT,Ql_strlen(strAT),ATRsp_Soc_Qisend_Handler,0,0);
     ^
In file included from ril/src/ril_socket.c:37:0:
include/ql_stdlib.h:52:7: note: expected 'const char *' but argument is of type 'u8 *'
 u32   Ql_strlen(const char* str);
       ^
ril/src/ril_socket.c:384:5: warning: pointer targets in passing argument 1 of 'Ql_RIL_SendATCmd' differ in signedness [-Wpointer-sign]
     ret = Ql_RIL_SendATCmd(strAT,Ql_strlen(strAT),ATRsp_Soc_Qisend_Handler,0,0);
     ^
In file included from ril/src/ril_socket.c:35:0:
ril/inc/ril.h:225:12: note: expected 'char *' but argument is of type 'u8 *'
 extern s32 Ql_RIL_SendATCmd(char*  atCmd, u32 atCmdLen, Callback_ATResponse atRsp_callBack, void* userData, u32 timeOut);
            ^
ril/src/ril_socket.c: In function 'RIL_SOC_QIRD':
ril/src/ril_socket.c:401:22: warning: pointer targets in assignment differ in signedness [-Wpointer-sign]
  socket_Param.prefix ="+QIRD:";
                      ^
ril/src/ril_system.c: In function 'open_socket_rd_param_parse_cmd':
ril/src/ril_system.c:331:5: warning: implicit declaration of function 'strtok' [-Wimplicit-function-declaration]
     p = strtok(p, "\r\n");
     ^
ril/src/ril_system.c:331:7: warning: assignment makes pointer from integer without a cast [enabled by default]
     p = strtok(p, "\r\n");
       ^
ril/src/ril_system.c:342:13: warning: implicit declaration of function 'strchr' [-Wimplicit-function-declaration]
             p2 = strchr(++p, '"');
             ^
ril/src/ril_system.c:342:16: warning: assignment makes pointer from integer without a cast [enabled by default]
             p2 = strchr(++p, '"');
                ^
ril/src/ril_system.c:348:13: warning: implicit declaration of function 'strncpy' [-Wimplicit-function-declaration]
             strncpy(param, p, len);
             ^
ril/src/ril_system.c:351:13: warning: implicit declaration of function 'strsep' [-Wimplicit-function-declaration]
             strsep(&p, ",");
             ^
ril/src/ril_system.c:385:4: warning: implicit declaration of function 'strlen' [-Wimplicit-function-declaration]
    param_len = strlen(param);
    ^
ril/src/ril_system.c: In function 'open_socket_push_json_param_parse_cmd':
ril/src/ril_system.c:477:4: warning: assignment makes pointer from integer without a cast [enabled by default]
  p = strtok(p, "\r\n");
    ^
ril/src/ril_system.c:469:17: warning: unused variable 'len' [-Wunused-variable]
  u32 param_len, len;
                 ^
ril/src/ril_system.c:467:33: warning: unused variable 'p2' [-Wunused-variable]
  char* p = (char *)cmd_string, *p2, *ptmp;
                                 ^
ril/src/ril_system.c: In function 'open_socket_push_param_parse_cmd':
ril/src/ril_system.c:567:4: warning: assignment makes pointer from integer without a cast [enabled by default]
  p = strtok(p, "\r\n");
    ^
ril/src/ril_system.c:575:7: warning: assignment makes pointer from integer without a cast [enabled by default]
    p2 = strchr(++p, '"');
       ^
ril/src/ril_system.c:585:9: warning: assignment makes pointer from integer without a cast [enabled by default]
    ptmp = strsep(&p, ",");
         ^
ril/src/ril_system.c:596:5: warning: implicit declaration of function 'strcpy' [-Wimplicit-function-declaration]
     strcpy(param, ptmp);
     ^
ril/src/ril_system.c: In function 'open_lwm2m_param_parse_cmd':
ril/src/ril_system.c:652:7: warning: assignment makes pointer from integer without a cast [enabled by default]
     p = strtok(p, "\r\n");
       ^
ril/src/ril_system.c:660:16: warning: assignment makes pointer from integer without a cast [enabled by default]
             p2 = strchr(++p, '"');
                ^
ril/src/ril_system.c:670:18: warning: assignment makes pointer from integer without a cast [enabled by default]
             ptmp = strsep(&p, ",");
                  ^
ril/src/ril_system.c: In function 'Qstr_seacher_with':
ril/src/ril_system.c:727:19: warning: initialization discards 'const' qualifier from pointer target type [enabled by default]
  char* temp_src = line;
                   ^
ril/src/ril_system.c: In function 'open_onenet_push_param_parse_cmd':
ril/src/ril_system.c:766:7: warning: assignment makes pointer from integer without a cast [enabled by default]
     p = strtok(p, "\r\n");
       ^
ril/src/ril_system.c:776:16: warning: assignment makes pointer from integer without a cast [enabled by default]
             p2 = strchr(++p, '"');
                ^
ril/src/ril_system.c:797:13: warning: assignment makes pointer from integer without a cast [enabled by default]
      p_temp = strchr(p, ',');
             ^
ril/src/ril_system.c:810:12: warning: assignment makes pointer from integer without a cast [enabled by default]
     p_temp = strchr(p, ',');
            ^
ril/src/ril_system.c:814:6: warning: implicit declaration of function 'memcpy' [-Wimplicit-function-declaration]
      memcpy(param, p, p_end - p);
      ^
ril/src/ril_system.c:813:10: warning: unused variable 'last_len' [-Wunused-variable]
      u32 last_len = p_end - p;
          ^
ril/src/ril_system.c:846:4: warning: implicit declaration of function 'atoi' [-Wimplicit-function-declaration]
    temp_value_len = atoi(param_list[6]);
    ^
ril/src/ril_system.c:758:20: warning: unused variable 'p4' [-Wunused-variable]
  char* p3 = NULL, *p4;
                    ^
ril/src/ril_system.c:758:8: warning: unused variable 'p3' [-Wunused-variable]
  char* p3 = NULL, *p4;
        ^
ril/src/ril_system.c:753:41: warning: unused variable 'ptmp' [-Wunused-variable]
     char *p = (char *)cmd_string, *p2, *ptmp;
                                         ^
ril/src/ril_system.c: In function 'open_param_parse_cmd':
ril/src/ril_system.c:868:7: warning: assignment makes pointer from integer without a cast [enabled by default]
     p = strtok(p, "\r\n"); 
       ^
ril/src/ril_system.c:876:16: warning: assignment makes pointer from integer without a cast [enabled by default]
             p2 = strchr(++p, '"');
                ^
ril/src/ril_system.c:886:18: warning: assignment makes pointer from integer without a cast [enabled by default]
             ptmp = strsep(&p, ","); 
                  ^
ril/src/ril_urc.c:67:1: warning: missing braces around initializer [-Wmissing-braces]
 Lwm2m_Urc_Param_t  lwm2m_urc_param = {0,0,0,0,NULL,0,0};
 ^
ril/src/ril_urc.c:67:1: warning: (near initialization for 'lwm2m_urc_param.recv_buffer') [-Wmissing-braces]
ril/src/ril_urc.c:67:1: warning: initialization makes integer from pointer without a cast [enabled by default]
ril/src/ril_urc.c:67:1: warning: (near initialization for 'lwm2m_urc_param.recv_buffer[0]') [enabled by default]
ril/src/ril_urc.c: In function 'OnURCHandler_QIURC_DATA':
ril/src/ril_urc.c:175:8: warning: pointer targets in assignment differ in signedness [-Wpointer-sign]
     p1 = Ql_strstr(strURC, "+QIURC:");
        ^
ril/src/ril_urc.c:178:23: warning: pointer targets in initialization differ in signedness [-Wpointer-sign]
  char* param_buffer = (u8*)Ql_MEM_Alloc(SOCKET_RECV_BUFFER_LENGTH);
                       ^
ril/src/ril_urc.c:187:3: warning: pointer targets in passing argument 1 of 'open_socket_push_json_param_parse_cmd' differ in signedness [-Wpointer-sign]
   u32 param_num = open_socket_push_json_param_parse_cmd(p1, recv_length, param_buffer, param_list, 20); 
   ^
In file included from ril/src/ril_urc.c:44:0:
ril/inc/ril_system.h:135:5: note: expected 'const char *' but argument is of type 'u8 *'
 u32 open_socket_push_json_param_parse_cmd(const char *cmd_string, u32 recv_length, const char *param_buffer, char *param_list[], u32 param_max_num);
     ^
ril/src/ril_urc.c:191:6: warning: pointer targets in passing argument 1 of 'QSDK_Get_Str' differ in signedness [-Wpointer-sign]
      ret = QSDK_Get_Str(p1,strTmp,0);
      ^
In file included from ril/src/ril_urc.c:44:0:
ril/inc/ril_system.h:127:6: note: expected 'char *' but argument is of type 'u8 *'
 bool QSDK_Get_Str(char *src_string,  char *dest_string, unsigned char index);
      ^
ril/src/ril_urc.c:191:6: warning: pointer targets in passing argument 2 of 'QSDK_Get_Str' differ in signedness [-Wpointer-sign]
      ret = QSDK_Get_Str(p1,strTmp,0);
      ^
In file included from ril/src/ril_urc.c:44:0:
ril/inc/ril_system.h:127:6: note: expected 'char *' but argument is of type 'u8 *'
 bool QSDK_Get_Str(char *src_string,  char *dest_string, unsigned char index);
      ^
ril/src/ril_urc.c:214:4: warning: passing argument 4 of 'Ql_OS_SendMessage' makes integer from pointer without a cast [enabled by default]
    Ql_OS_SendMessage(URC_RCV_TASK_ID, MSG_ID_URC_INDICATION, URC_SOCKET_RECV_DATA, &socket_recv_param);
    ^
In file included from ril/src/ril_urc.c:37:0:
include/ql_system.h:195:5: note: expected 'u32' but argument is of type 'struct Socket_Recv_Param_t *'
 s32 Ql_OS_SendMessage(s32 destTaskId, u32 msgId, u32 param1, u32 param2);
     ^
ril/src/ril_urc.c:219:7: warning: pointer targets in passing argument 1 of 'QSDK_Get_Str' differ in signedness [-Wpointer-sign]
       QSDK_Get_Str(p1,strTmp,1);
       ^
In file included from ril/src/ril_urc.c:44:0:
ril/inc/ril_system.h:127:6: note: expected 'char *' but argument is of type 'u8 *'
 bool QSDK_Get_Str(char *src_string,  char *dest_string, unsigned char index);
      ^
ril/src/ril_urc.c:219:7: warning: pointer targets in passing argument 2 of 'QSDK_Get_Str' differ in signedness [-Wpointer-sign]
       QSDK_Get_Str(p1,strTmp,1);
       ^
In file included from ril/src/ril_urc.c:44:0:
ril/inc/ril_system.h:127:6: note: expected 'char *' but argument is of type 'u8 *'
 bool QSDK_Get_Str(char *src_string,  char *dest_string, unsigned char index);
      ^
ril/src/ril_urc.c:220:4: warning: pointer targets in passing argument 1 of 'Ql_atoi' differ in signedness [-Wpointer-sign]
    socket_recv_param.connectID = Ql_atoi(strTmp);
    ^
In file included from ril/src/ril_urc.c:34:0:
include/ql_stdlib.h:39:8: note: expected 'const char *' but argument is of type 'u8 *'
 s32    Ql_atoi(const char* s);
        ^
ril/src/ril_urc.c:188:9: warning: unused variable 'prefix' [-Wunused-variable]
   char* prefix = param_list[0];   //  recv
         ^
ril/src/ril_urc.c:172:6: warning: variable 'ret' set but not used [-Wunused-but-set-variable]
  s32 ret;
      ^
ril/src/ril_urc.c: In function 'OnURCHandler_LwM2M_RECV_DATA':
ril/src/ril_urc.c:244:23: warning: pointer targets in initialization differ in signedness [-Wpointer-sign]
  char* param_buffer = (u8*)Ql_MEM_Alloc(LWM2M_RECV_BUFFER_LENGTH);
                       ^
ril/src/ril_urc.c:277:3: warning: passing argument 4 of 'Ql_OS_SendMessage' makes integer from pointer without a cast [enabled by default]
   Ql_OS_SendMessage(URC_RCV_TASK_ID, MSG_ID_URC_INDICATION, URC_LwM2M_RECV_DATA, &lwm2m_urc_param);  
   ^
In file included from ril/src/ril_urc.c:37:0:
include/ql_system.h:195:5: note: expected 'u32' but argument is of type 'struct Lwm2m_Urc_Param_t *'
 s32 Ql_OS_SendMessage(s32 destTaskId, u32 msgId, u32 param1, u32 param2);
     ^
ril/src/ril_urc.c: In function 'OnURCHandler_LwM2M_OBSERVE':
ril/src/ril_urc.c:315:11: warning: passing argument 4 of 'Ql_OS_SendMessage' makes integer from pointer without a cast [enabled by default]
           Ql_OS_SendMessage(URC_RCV_TASK_ID, MSG_ID_URC_INDICATION, URC_LwM2M_OBSERVE, &lwm2m_urc_param);
           ^
In file included from ril/src/ril_urc.c:37:0:
include/ql_system.h:195:5: note: expected 'u32' but argument is of type 'struct Lwm2m_Urc_Param_t *'
 s32 Ql_OS_SendMessage(s32 destTaskId, u32 msgId, u32 param1, u32 param2);
     ^
ril/src/ril_urc.c:291:9: warning: unused variable 'res_id' [-Wunused-variable]
     s32 res_id;
         ^
ril/src/ril_urc.c: At top level:
ril/src/ril_urc.c:321:1: warning: return type defaults to 'int' [enabled by default]
 OnURCHandler_ONENET_EVENT(const char* strURC, void* reserved)
 ^
ril/src/ril_urc.c:321:1: warning: conflicting types for 'OnURCHandler_ONENET_EVENT' [enabled by default]
ril/src/ril_urc.c:102:13: note: previous declaration of 'OnURCHandler_ONENET_EVENT' was here
 static void OnURCHandler_ONENET_EVENT(const char* strURC, void* reserved);
             ^
ril/src/ril_urc.c: In function 'OnURCHandler_ONENET_EVENT':
ril/src/ril_urc.c:346:4: warning: passing argument 4 of 'Ql_OS_SendMessage' makes integer from pointer without a cast [enabled by default]
    Ql_OS_SendMessage(URC_RCV_TASK_ID, MSG_ID_URC_INDICATION, URC_ONENET_EVENT, &onenet_urc_param);
    ^
In file included from ril/src/ril_urc.c:37:0:
include/ql_system.h:195:5: note: expected 'u32' but argument is of type 'struct Onenet_Urc_Param_t *'
 s32 Ql_OS_SendMessage(s32 destTaskId, u32 msgId, u32 param1, u32 param2);
     ^
ril/src/ril_urc.c:353:4: warning: passing argument 4 of 'Ql_OS_SendMessage' makes integer from pointer without a cast [enabled by default]
    Ql_OS_SendMessage(URC_RCV_TASK_ID, MSG_ID_URC_INDICATION, URC_ONENET_EVENT, &onenet_urc_param);
    ^
In file included from ril/src/ril_urc.c:37:0:
include/ql_system.h:195:5: note: expected 'u32' but argument is of type 'struct Onenet_Urc_Param_t *'
 s32 Ql_OS_SendMessage(s32 destTaskId, u32 msgId, u32 param1, u32 param2);
     ^
ril/src/ril_urc.c:362:5: warning: passing argument 4 of 'Ql_OS_SendMessage' makes integer from pointer without a cast [enabled by default]
     Ql_OS_SendMessage(URC_RCV_TASK_ID, MSG_ID_URC_INDICATION, URC_ONENET_EVENT, &onenet_urc_param);
     ^
In file included from ril/src/ril_urc.c:37:0:
include/ql_system.h:195:5: note: expected 'u32' but argument is of type 'struct Onenet_Urc_Param_t *'
 s32 Ql_OS_SendMessage(s32 destTaskId, u32 msgId, u32 param1, u32 param2);
     ^
ril/src/ril_urc.c:366:5: warning: passing argument 4 of 'Ql_OS_SendMessage' makes integer from pointer without a cast [enabled by default]
     Ql_OS_SendMessage(URC_RCV_TASK_ID, MSG_ID_URC_INDICATION, URC_ONENET_EVENT, &onenet_urc_param);
     ^
In file included from ril/src/ril_urc.c:37:0:
include/ql_system.h:195:5: note: expected 'u32' but argument is of type 'struct Onenet_Urc_Param_t *'
 s32 Ql_OS_SendMessage(s32 destTaskId, u32 msgId, u32 param1, u32 param2);
     ^
ril/src/ril_urc.c:371:4: warning: passing argument 4 of 'Ql_OS_SendMessage' makes integer from pointer without a cast [enabled by default]
    Ql_OS_SendMessage(URC_RCV_TASK_ID, MSG_ID_URC_INDICATION, URC_ONENET_EVENT, &onenet_urc_param);
    ^
In file included from ril/src/ril_urc.c:37:0:
include/ql_system.h:195:5: note: expected 'u32' but argument is of type 'struct Onenet_Urc_Param_t *'
 s32 Ql_OS_SendMessage(s32 destTaskId, u32 msgId, u32 param1, u32 param2);
     ^
ril/src/ril_urc.c:324:11: warning: unused variable 'p2' [-Wunused-variable]
     char* p2 = NULL;
           ^
ril/src/ril_urc.c: At top level:
ril/src/ril_urc.c:377:1: warning: return type defaults to 'int' [enabled by default]
 OnURCHandler_ONENET_OBSERVER(const char* strURC, void* reserved)
 ^
ril/src/ril_urc.c:377:1: warning: conflicting types for 'OnURCHandler_ONENET_OBSERVER' [enabled by default]
ril/src/ril_urc.c:103:13: note: previous declaration of 'OnURCHandler_ONENET_OBSERVER' was here
 static void OnURCHandler_ONENET_OBSERVER(const char* strURC, void* reserved);
             ^
ril/src/ril_urc.c: In function 'OnURCHandler_ONENET_OBSERVER':
ril/src/ril_urc.c:414:3: warning: passing argument 4 of 'Ql_OS_SendMessage' makes integer from pointer without a cast [enabled by default]
   Ql_OS_SendMessage(URC_RCV_TASK_ID, MSG_ID_URC_INDICATION, URC_ONENET_OBSERVE, &onenet_urc_param);
   ^
In file included from ril/src/ril_urc.c:37:0:
include/ql_system.h:195:5: note: expected 'u32' but argument is of type 'struct Onenet_Urc_Param_t *'
 s32 Ql_OS_SendMessage(s32 destTaskId, u32 msgId, u32 param1, u32 param2);
     ^
ril/src/ril_urc.c: In function 'OnURCHandler_ONENET_DISCOVER':
ril/src/ril_urc.c:447:3: warning: passing argument 4 of 'Ql_OS_SendMessage' makes integer from pointer without a cast [enabled by default]
   Ql_OS_SendMessage(URC_RCV_TASK_ID, MSG_ID_URC_INDICATION, URC_ONENET_DISCOVER, &onenet_urc_param);
   ^
In file included from ril/src/ril_urc.c:37:0:
include/ql_system.h:195:5: note: expected 'u32' but argument is of type 'struct Onenet_Urc_Param_t *'
 s32 Ql_OS_SendMessage(s32 destTaskId, u32 msgId, u32 param1, u32 param2);
     ^
ril/src/ril_urc.c: In function 'OnURCHandler_ONENET_WRITE':
ril/src/ril_urc.c:463:23: warning: pointer targets in initialization differ in signedness [-Wpointer-sign]
  char* param_buffer = (u8*)Ql_MEM_Alloc(ONENET_BUFFER_LENGTH);
                       ^
ril/src/ril_urc.c:516:2: warning: passing argument 4 of 'Ql_OS_SendMessage' makes integer from pointer without a cast [enabled by default]
  Ql_OS_SendMessage(URC_RCV_TASK_ID, MSG_ID_URC_INDICATION, URC_ONENET_WRITE, temp_urc_param_t);
  ^
In file included from ril/src/ril_urc.c:37:0:
include/ql_system.h:195:5: note: expected 'u32' but argument is of type 'struct Onenet_Urc_Param_t *'
 s32 Ql_OS_SendMessage(s32 destTaskId, u32 msgId, u32 param1, u32 param2);
     ^
ril/src/ril_urc.c:461:6: warning: unused variable 'ret' [-Wunused-variable]
  s32 ret;
      ^
ril/src/ril_urc.c:460:7: warning: unused variable 'strTmp' [-Wunused-variable]
  char strTmp[20];
       ^
ril/src/ril_urc.c:457:11: warning: variable 'prev_pos' set but not used [-Wunused-but-set-variable]
     char *prev_pos = NULL;
           ^
ril/src/ril_urc.c: In function 'OnURCHandler_ONENET_READ':
ril/src/ril_urc.c:568:3: warning: passing argument 4 of 'Ql_OS_SendMessage' makes integer from pointer without a cast [enabled by default]
   Ql_OS_SendMessage(URC_RCV_TASK_ID, MSG_ID_URC_INDICATION, URC_ONENET_READ, &onenet_urc_param);
   ^
In file included from ril/src/ril_urc.c:37:0:
include/ql_system.h:195:5: note: expected 'u32' but argument is of type 'struct Onenet_Urc_Param_t *'
 s32 Ql_OS_SendMessage(s32 destTaskId, u32 msgId, u32 param1, u32 param2);
     ^
ril/src/ril_urc.c:533:6: warning: unused variable 'ret' [-Wunused-variable]
  s32 ret;
      ^
ril/src/ril_urc.c: In function 'OnURCHandler_ONENET_EXECUTE':
ril/src/ril_urc.c:619:3: warning: pointer targets in passing argument 2 of 'QSDK_Get_Str' differ in signedness [-Wpointer-sign]
   QSDK_Get_Str(p1, onenet_urc_param.buffer, 6);
   ^
In file included from ril/src/ril_urc.c:44:0:
ril/inc/ril_system.h:127:6: note: expected 'char *' but argument is of type 'u8 *'
 bool QSDK_Get_Str(char *src_string,  char *dest_string, unsigned char index);
      ^
ril/src/ril_urc.c:621:3: warning: passing argument 4 of 'Ql_OS_SendMessage' makes integer from pointer without a cast [enabled by default]
   Ql_OS_SendMessage(URC_RCV_TASK_ID, MSG_ID_URC_INDICATION, URC_ONENET_EXECUTE, &onenet_urc_param);
   ^
In file included from ril/src/ril_urc.c:37:0:
include/ql_system.h:195:5: note: expected 'u32' but argument is of type 'struct Onenet_Urc_Param_t *'
 s32 Ql_OS_SendMessage(s32 destTaskId, u32 msgId, u32 param1, u32 param2);
     ^
ril/src/ril_urc.c:581:6: warning: unused variable 'ret' [-Wunused-variable]
  s32 ret;
      ^
ril/src/ril_urc.c: In function 'OnURCHandler_DFOTA_Hander':
ril/src/ril_urc.c:745:3: warning: passing argument 1 of 'DFOTA_Analysis' discards 'const' qualifier from pointer target type [enabled by default]
   DFOTA_Analysis(strURC,&upgrade_state,&dfota_errno);
   ^
In file included from ril/src/ril_urc.c:45:0:
ril/inc/ril_dfota.h:101:6: note: expected 'u8 *' but argument is of type 'const char *'
 void DFOTA_Analysis(u8* buffer,Dfota_Upgrade_State* upgrade_state, s32* errno);
      ^
ril/src/ril_urc.c: At top level:
ril/src/ril_urc.c:680:13: warning: 'OnURCHandler_InitStat' defined but not used [-Wunused-function]
 static void OnURCHandler_InitStat(const char* strURC, void* reserved)
             ^
example/example_tcpclient.c:191:1: warning: function declaration isn't a prototype [-Wstrict-prototypes]
 void save_ip();
 ^
example/example_tcpclient.c:192:1: warning: function declaration isn't a prototype [-Wstrict-prototypes]
 void get_ip();
 ^
example/example_tcpclient.c:193:1: warning: function declaration isn't a prototype [-Wstrict-prototypes]
 void save_parament();
 ^
example/example_tcpclient.c:194:1: warning: function declaration isn't a prototype [-Wstrict-prototypes]
 void restore_parament();
 ^
example/example_tcpclient.c:195:1: warning: function declaration isn't a prototype [-Wstrict-prototypes]
 void  imsi2bcd();
 ^
example/example_tcpclient.c:196:1: warning: function declaration isn't a prototype [-Wstrict-prototypes]
 void  iccid2bcd();
 ^
example/example_tcpclient.c: In function 'proc_main_task':
example/example_tcpclient.c:330:17: warning: implicit declaration of function 'RIL_GetIMEI' [-Wimplicit-function-declaration]
                 RIL_GetIMEI(imei);
                 ^
example/example_tcpclient.c:334:17: warning: implicit declaration of function 'RIL_GetIMSI' [-Wimplicit-function-declaration]
                 RIL_GetIMSI(imsi);
                 ^
example/example_tcpclient.c:339:17: warning: implicit declaration of function 'RIL_GetICCID' [-Wimplicit-function-declaration]
                 RIL_GetICCID(iccid);
                 ^
example/example_tcpclient.c:359:28: warning: assignment makes pointer from integer without a cast [enabled by default]
      socket_recv_param_ptr = msg.param2;
                            ^
example/example_tcpclient.c: In function 'proc_send2srv':
example/example_tcpclient.c:454:9: warning: implicit declaration of function 'RIL_GetNtpTime' [-Wimplicit-function-declaration]
         ret=RIL_GetNtpTime(timestr);
         ^
example/example_tcpclient.c:470:9: warning: implicit declaration of function 'RIL_GetCSQ' [-Wimplicit-function-declaration]
         RIL_GetCSQ(&rssi);
         ^
example/example_tcpclient.c:559:21: warning: pointer targets in passing argument 1 of 'Ql_sprintf' differ in signedness [-Wpointer-sign]
                     Ql_sprintf(string_buffer+6,"BC26(%s %s)",__DATE__,__TIME__);
                     ^
example/example_tcpclient.c:559:21: note: expected 'char *' but argument is of type 'u8 *'
example/example_tcpclient.c:560:21: warning: pointer targets in passing argument 1 of 'Ql_strlen' differ in signedness [-Wpointer-sign]
                     string_buffer[0]=Ql_strlen(string_buffer+6)+4;//length
                     ^
In file included from example/example_tcpclient.c:48:0:
include/ql_stdlib.h:52:7: note: expected 'const char *' but argument is of type 'u8 *'
 u32   Ql_strlen(const char* str);
       ^
example/example_tcpclient.c:658:9: warning: pointer targets in passing argument 1 of 'Ql_strlen' differ in signedness [-Wpointer-sign]
         ret = RIL_SOC_QISENDEX(m_socketid,Ql_strlen(send_buffer_hex)/2,send_buffer_hex);
         ^
In file included from example/example_tcpclient.c:48:0:
include/ql_stdlib.h:52:7: note: expected 'const char *' but argument is of type 'u8 *'
 u32   Ql_strlen(const char* str);
       ^
example/example_tcpclient.c:690:13: warning: pointer targets in passing argument 1 of 'Ql_strlen' differ in signedness [-Wpointer-sign]
             ret = RIL_SOC_QISENDEX(m_socketid,Ql_strlen(send_buffer_hex)/2,send_buffer_hex);
             ^
In file included from example/example_tcpclient.c:48:0:
include/ql_stdlib.h:52:7: note: expected 'const char *' but argument is of type 'u8 *'
 u32   Ql_strlen(const char* str);
       ^
example/example_tcpclient.c:434:12: warning: unused variable 'msg' [-Wunused-variable]
     ST_MSG msg;
            ^
example/example_tcpclient.c:428:16: warning: unused variable 'count_test' [-Wunused-variable]
     static u32 count_test=0l;
                ^
example/example_tcpclient.c: In function 'CallBack_UART_Hdlr':
example/example_tcpclient.c:727:17: warning: unused variable 'test_weight' [-Wunused-variable]
     static long test_weight=0;
                 ^
example/example_tcpclient.c: In function 'proc_handle':
example/example_tcpclient.c:869:5: warning: pointer targets in passing argument 1 of 'Ql_strstr' differ in signedness [-Wpointer-sign]
     p = Ql_strstr(pData,"Set_Srv_Param=");
     ^
In file included from example/example_tcpclient.c:48:0:
include/ql_stdlib.h:53:7: note: expected 'const char *' but argument is of type 'u8 *'
 char* Ql_strstr(const char* s1, const char* s2);
       ^
example/example_tcpclient.c:869:7: warning: pointer targets in assignment differ in signedness [-Wpointer-sign]
     p = Ql_strstr(pData,"Set_Srv_Param=");
       ^
example/example_tcpclient.c:885:9: warning: pointer targets in passing argument 1 of 'Ql_atoi' differ in signedness [-Wpointer-sign]
         m_SrvPort = Ql_atoi(srvport);
         ^
In file included from example/example_tcpclient.c:48:0:
include/ql_stdlib.h:39:8: note: expected 'const char *' but argument is of type 'u8 *'
 s32    Ql_atoi(const char* s);
        ^
example/example_tcpclient.c:904:5: warning: pointer targets in passing argument 1 of 'Ql_strstr' differ in signedness [-Wpointer-sign]
     p = Ql_strstr(pData,"Set_mast_DN=");//Set_mast_DN=<mast domain name>
     ^
In file included from example/example_tcpclient.c:48:0:
include/ql_stdlib.h:53:7: note: expected 'const char *' but argument is of type 'u8 *'
 char* Ql_strstr(const char* s1, const char* s2);
       ^
example/example_tcpclient.c:904:7: warning: pointer targets in assignment differ in signedness [-Wpointer-sign]
     p = Ql_strstr(pData,"Set_mast_DN=");//Set_mast_DN=<mast domain name>
       ^
example/example_tcpclient.c:920:5: warning: pointer targets in passing argument 1 of 'Ql_strstr' differ in signedness [-Wpointer-sign]
     p = Ql_strstr(pData,"Set_mast_ip=");//Set_mast_DN=<mast domain name>
     ^
In file included from example/example_tcpclient.c:48:0:
include/ql_stdlib.h:53:7: note: expected 'const char *' but argument is of type 'u8 *'
 char* Ql_strstr(const char* s1, const char* s2);
       ^
example/example_tcpclient.c:920:7: warning: pointer targets in assignment differ in signedness [-Wpointer-sign]
     p = Ql_strstr(pData,"Set_mast_ip=");//Set_mast_DN=<mast domain name>
       ^
example/example_tcpclient.c:939:5: warning: pointer targets in passing argument 1 of 'Ql_strstr' differ in signedness [-Wpointer-sign]
     p= Ql_strstr(pData,"Set_Para=");
     ^
In file included from example/example_tcpclient.c:48:0:
include/ql_stdlib.h:53:7: note: expected 'const char *' but argument is of type 'u8 *'
 char* Ql_strstr(const char* s1, const char* s2);
       ^
example/example_tcpclient.c:939:6: warning: pointer targets in assignment differ in signedness [-Wpointer-sign]
     p= Ql_strstr(pData,"Set_Para=");
      ^
example/example_tcpclient.c:952:9: warning: pointer targets in passing argument 1 of 'Ql_atoi' differ in signedness [-Wpointer-sign]
         parament.modbus_add = Ql_atoi(temp);
         ^
In file included from example/example_tcpclient.c:48:0:
include/ql_stdlib.h:39:8: note: expected 'const char *' but argument is of type 'u8 *'
 s32    Ql_atoi(const char* s);
        ^
example/example_tcpclient.c:943:12: warning: unused variable 'index' [-Wunused-variable]
         u8 index;
            ^
example/example_tcpclient.c: In function 'proc_tcp_network':
example/example_tcpclient.c:1073:25: warning: implicit declaration of function 'reboot_rf' [-Wimplicit-function-declaration]
                         reboot_rf();
                         ^
example/example_tcpclient.c:1139:29: warning: implicit declaration of function 'change_next_ip' [-Wimplicit-function-declaration]
                             change_next_ip();
                             ^
example/example_tcpclient.c: At top level:
example/example_tcpclient.c:1198:8: warning: function declaration isn't a prototype [-Wstrict-prototypes]
 void   reboot_rf()
        ^
example/example_tcpclient.c:1198:8: warning: conflicting types for 'reboot_rf' [enabled by default]
example/example_tcpclient.c:1073:25: note: previous implicit declaration of 'reboot_rf' was here
                         reboot_rf();
                         ^
example/example_tcpclient.c: In function 'reboot_rf':
example/example_tcpclient.c:1201:9: warning: variable 'ret' set but not used [-Wunused-but-set-variable]
     u32 ret; 
         ^
example/example_tcpclient.c: In function 'data_buf2hex':
example/example_tcpclient.c:1220:9: warning: pointer targets in passing argument 1 of 'Ql_sprintf' differ in signedness [-Wpointer-sign]
         Ql_sprintf(data_bufhex+i+i,"%02x",data_buf[i] );
         ^
example/example_tcpclient.c:1220:9: note: expected 'char *' but argument is of type 'u8 *'
example/example_tcpclient.c: At top level:
example/example_tcpclient.c:1240:6: warning: function declaration isn't a prototype [-Wstrict-prototypes]
 void get_ip()
      ^
example/example_tcpclient.c: In function 'get_ip':
example/example_tcpclient.c:1244:5: warning: implicit declaration of function 'print_list' [-Wimplicit-function-declaration]
     print_list(ip_saved);
     ^
example/example_tcpclient.c:1247:9: warning: pointer targets in passing argument 1 of 'Ql_strlen' differ in signedness [-Wpointer-sign]
         Ql_memcpy(m_SrvADDR,parament.mast_ip,Ql_strlen(parament.mast_ip));
         ^
In file included from example/example_tcpclient.c:48:0:
include/ql_stdlib.h:52:7: note: expected 'const char *' but argument is of type 'u8 *'
 u32   Ql_strlen(const char* str);
       ^
example/example_tcpclient.c:1249:9: warning: pointer targets in passing argument 1 of 'Ql_sprintf' differ in signedness [-Wpointer-sign]
         Ql_sprintf(m_SrvADDR,"%d.%d.%d.%d",ip_saved[ip_saved[24]*6],ip_saved[ip_saved[24]*6+1],ip_saved[ip_saved[24]*6+2],ip_saved[ip_saved[24]*6+3]);
         ^
example/example_tcpclient.c:1249:9: note: expected 'char *' but argument is of type 'u8 *'
example/example_tcpclient.c: In function 'get_ip_from_string':
example/example_tcpclient.c:1261:5: warning: pointer targets in passing argument 1 of 'Ql_atoi' differ in signedness [-Wpointer-sign]
     ip_int[0]=Ql_atoi(p);
     ^
In file included from example/example_tcpclient.c:48:0:
include/ql_stdlib.h:39:8: note: expected 'const char *' but argument is of type 'u8 *'
 s32    Ql_atoi(const char* s);
        ^
example/example_tcpclient.c:1262:5: warning: pointer targets in passing argument 1 of 'Ql_strstr' differ in signedness [-Wpointer-sign]
     p=Ql_strstr(p,".");
     ^
In file included from example/example_tcpclient.c:48:0:
include/ql_stdlib.h:53:7: note: expected 'const char *' but argument is of type 'u8 *'
 char* Ql_strstr(const char* s1, const char* s2);
       ^
example/example_tcpclient.c:1262:6: warning: pointer targets in assignment differ in signedness [-Wpointer-sign]
     p=Ql_strstr(p,".");
      ^
example/example_tcpclient.c:1264:5: warning: pointer targets in passing argument 1 of 'Ql_atoi' differ in signedness [-Wpointer-sign]
     ip_int[1]=Ql_atoi(p);
     ^
In file included from example/example_tcpclient.c:48:0:
include/ql_stdlib.h:39:8: note: expected 'const char *' but argument is of type 'u8 *'
 s32    Ql_atoi(const char* s);
        ^
example/example_tcpclient.c:1265:5: warning: pointer targets in passing argument 1 of 'Ql_strstr' differ in signedness [-Wpointer-sign]
     p=Ql_strstr(p,".");
     ^
In file included from example/example_tcpclient.c:48:0:
include/ql_stdlib.h:53:7: note: expected 'const char *' but argument is of type 'u8 *'
 char* Ql_strstr(const char* s1, const char* s2);
       ^
example/example_tcpclient.c:1265:6: warning: pointer targets in assignment differ in signedness [-Wpointer-sign]
     p=Ql_strstr(p,".");
      ^
example/example_tcpclient.c:1267:5: warning: pointer targets in passing argument 1 of 'Ql_atoi' differ in signedness [-Wpointer-sign]
     ip_int[2]=Ql_atoi(p);
     ^
In file included from example/example_tcpclient.c:48:0:
include/ql_stdlib.h:39:8: note: expected 'const char *' but argument is of type 'u8 *'
 s32    Ql_atoi(const char* s);
        ^
example/example_tcpclient.c:1268:5: warning: pointer targets in passing argument 1 of 'Ql_strstr' differ in signedness [-Wpointer-sign]
     p=Ql_strstr(p,".");
     ^
In file included from example/example_tcpclient.c:48:0:
include/ql_stdlib.h:53:7: note: expected 'const char *' but argument is of type 'u8 *'
 char* Ql_strstr(const char* s1, const char* s2);
       ^
example/example_tcpclient.c:1268:6: warning: pointer targets in assignment differ in signedness [-Wpointer-sign]
     p=Ql_strstr(p,".");
      ^
example/example_tcpclient.c:1270:5: warning: pointer targets in passing argument 1 of 'Ql_atoi' differ in signedness [-Wpointer-sign]
     ip_int[3]=Ql_atoi(p);
     ^
In file included from example/example_tcpclient.c:48:0:
include/ql_stdlib.h:39:8: note: expected 'const char *' but argument is of type 'u8 *'
 s32    Ql_atoi(const char* s);
        ^
example/example_tcpclient.c: At top level:
example/example_tcpclient.c:1278:6: warning: function declaration isn't a prototype [-Wstrict-prototypes]
 void save_ip()
      ^
example/example_tcpclient.c:1288:6: warning: function declaration isn't a prototype [-Wstrict-prototypes]
 void change_next_ip()
      ^
example/example_tcpclient.c:1288:6: warning: conflicting types for 'change_next_ip' [enabled by default]
example/example_tcpclient.c:1139:29: note: previous implicit declaration of 'change_next_ip' was here
                             change_next_ip();
                             ^
example/example_tcpclient.c:1298:6: warning: function declaration isn't a prototype [-Wstrict-prototypes]
 void init_nvram()
      ^
example/example_tcpclient.c:1304:6: warning: function declaration isn't a prototype [-Wstrict-prototypes]
 void save_parament()
      ^
example/example_tcpclient.c:1308:6: warning: function declaration isn't a prototype [-Wstrict-prototypes]
 void restore_parament()
      ^
example/example_tcpclient.c: In function 'restore_parament':
example/example_tcpclient.c:1312:5: warning: pointer targets in passing argument 1 of 'Ql_strlen' differ in signedness [-Wpointer-sign]
     if(Ql_strlen(parament.mast_dn)==0) 
     ^
In file included from example/example_tcpclient.c:48:0:
include/ql_stdlib.h:52:7: note: expected 'const char *' but argument is of type 'u8 *'
 u32   Ql_strlen(const char* str);
       ^
example/example_tcpclient.c:1314:13: warning: pointer targets in passing argument 1 of 'Ql_strlen' differ in signedness [-Wpointer-sign]
             Ql_memcpy(parament.mast_dn,m_SrvADDR_mast,Ql_strlen(m_SrvADDR_mast));
             ^
In file included from example/example_tcpclient.c:48:0:
include/ql_stdlib.h:52:7: note: expected 'const char *' but argument is of type 'u8 *'
 u32   Ql_strlen(const char* str);
       ^
example/example_tcpclient.c:1317:5: warning: pointer targets in passing argument 1 of 'Ql_strlen' differ in signedness [-Wpointer-sign]
     if(Ql_strlen(parament.mast_ip)==0) 
     ^
In file included from example/example_tcpclient.c:48:0:
include/ql_stdlib.h:52:7: note: expected 'const char *' but argument is of type 'u8 *'
 u32   Ql_strlen(const char* str);
       ^
example/example_tcpclient.c:1319:13: warning: pointer targets in passing argument 1 of 'Ql_strlen' differ in signedness [-Wpointer-sign]
             Ql_memcpy(parament.mast_ip,m_mast_ip,Ql_strlen(m_mast_ip));
             ^
In file included from example/example_tcpclient.c:48:0:
include/ql_stdlib.h:52:7: note: expected 'const char *' but argument is of type 'u8 *'
 u32   Ql_strlen(const char* str);
       ^
example/example_tcpclient.c: In function 'proc_cmd':
example/example_tcpclient.c:1404:17: warning: pointer targets in passing argument 1 of 'Ql_strstr' differ in signedness [-Wpointer-sign]
                 p=Ql_strstr(temp_outbuf,":");
                 ^
In file included from example/example_tcpclient.c:48:0:
include/ql_stdlib.h:53:7: note: expected 'const char *' but argument is of type 'u8 *'
 char* Ql_strstr(const char* s1, const char* s2);
       ^
example/example_tcpclient.c:1404:18: warning: pointer targets in assignment differ in signedness [-Wpointer-sign]
                 p=Ql_strstr(temp_outbuf,":");
                  ^
example/example_tcpclient.c:1409:21: warning: pointer targets in passing argument 1 of 'Ql_atoi' differ in signedness [-Wpointer-sign]
                     port=Ql_atoi(p);
                     ^
In file included from example/example_tcpclient.c:48:0:
include/ql_stdlib.h:39:8: note: expected 'const char *' but argument is of type 'u8 *'
 s32    Ql_atoi(const char* s);
        ^
example/example_tcpclient.c:1410:21: warning: pointer targets in passing argument 1 of 'Ql_strstr' differ in signedness [-Wpointer-sign]
                     p=Ql_strstr(temp_outbuf,":");
                     ^
In file included from example/example_tcpclient.c:48:0:
include/ql_stdlib.h:53:7: note: expected 'const char *' but argument is of type 'u8 *'
 char* Ql_strstr(const char* s1, const char* s2);
       ^
example/example_tcpclient.c:1410:22: warning: pointer targets in assignment differ in signedness [-Wpointer-sign]
                     p=Ql_strstr(temp_outbuf,":");
                      ^
example/example_tcpclient.c:1378:8: warning: unused variable 'next_ip' [-Wunused-variable]
     u8 next_ip;
        ^
example/example_tcpclient.c: At top level:
example/example_tcpclient.c:1506:6: warning: conflicting types for 'print_list' [enabled by default]
 void print_list(u8 * ip_list)
      ^
example/example_tcpclient.c:1244:5: note: previous implicit declaration of 'print_list' was here
     print_list(ip_saved);
     ^
example/example_tcpclient.c:1573:7: warning: function declaration isn't a prototype [-Wstrict-prototypes]
 void  imsi2bcd()
       ^
example/example_tcpclient.c: In function 'imsi2bcd':
example/example_tcpclient.c:1576:5: warning: pointer targets in passing argument 1 of 'Ql_atoi' differ in signedness [-Wpointer-sign]
     bcd=Ql_atoi(imsi+13);
     ^
In file included from example/example_tcpclient.c:48:0:
include/ql_stdlib.h:39:8: note: expected 'const char *' but argument is of type 'u8 *'
 s32    Ql_atoi(const char* s);
        ^
example/example_tcpclient.c:1582:5: warning: pointer targets in passing argument 1 of 'Ql_atoi' differ in signedness [-Wpointer-sign]
     bcd=Ql_atoi(imsi+11);
     ^
In file included from example/example_tcpclient.c:48:0:
include/ql_stdlib.h:39:8: note: expected 'const char *' but argument is of type 'u8 *'
 s32    Ql_atoi(const char* s);
        ^
example/example_tcpclient.c:1587:5: warning: pointer targets in passing argument 1 of 'Ql_atoi' differ in signedness [-Wpointer-sign]
     bcd=Ql_atoi(imsi+9);
     ^
In file included from example/example_tcpclient.c:48:0:
include/ql_stdlib.h:39:8: note: expected 'const char *' but argument is of type 'u8 *'
 s32    Ql_atoi(const char* s);
        ^
example/example_tcpclient.c:1592:5: warning: pointer targets in passing argument 1 of 'Ql_atoi' differ in signedness [-Wpointer-sign]
     bcd=Ql_atoi(imsi+7);
     ^
In file included from example/example_tcpclient.c:48:0:
include/ql_stdlib.h:39:8: note: expected 'const char *' but argument is of type 'u8 *'
 s32    Ql_atoi(const char* s);
        ^
example/example_tcpclient.c:1597:5: warning: pointer targets in passing argument 1 of 'Ql_atoi' differ in signedness [-Wpointer-sign]
     bcd=Ql_atoi(imsi+5);
     ^
In file included from example/example_tcpclient.c:48:0:
include/ql_stdlib.h:39:8: note: expected 'const char *' but argument is of type 'u8 *'
 s32    Ql_atoi(const char* s);
        ^
example/example_tcpclient.c:1602:5: warning: pointer targets in passing argument 1 of 'Ql_atoi' differ in signedness [-Wpointer-sign]
     bcd=Ql_atoi(imsi+3);
     ^
In file included from example/example_tcpclient.c:48:0:
include/ql_stdlib.h:39:8: note: expected 'const char *' but argument is of type 'u8 *'
 s32    Ql_atoi(const char* s);
        ^
example/example_tcpclient.c:1607:5: warning: pointer targets in passing argument 1 of 'Ql_atoi' differ in signedness [-Wpointer-sign]
     bcd=Ql_atoi(imsi+1);
     ^
In file included from example/example_tcpclient.c:48:0:
include/ql_stdlib.h:39:8: note: expected 'const char *' but argument is of type 'u8 *'
 s32    Ql_atoi(const char* s);
        ^
example/example_tcpclient.c:1612:5: warning: pointer targets in passing argument 1 of 'Ql_atoi' differ in signedness [-Wpointer-sign]
     bcd=Ql_atoi(imsi);
     ^
In file included from example/example_tcpclient.c:48:0:
include/ql_stdlib.h:39:8: note: expected 'const char *' but argument is of type 'u8 *'
 s32    Ql_atoi(const char* s);
        ^
example/example_tcpclient.c: At top level:
example/example_tcpclient.c:1620:7: warning: function declaration isn't a prototype [-Wstrict-prototypes]
 void  iccid2bcd()
       ^
example/example_tcpclient.c:133:11: warning: 'm_send_buf' defined but not used [-Wunused-variable]
 static u8 m_send_buf[SEND_BUFFER_LEN];
           ^
example/example_tcpclient.c:148:11: warning: 'send_buffer' defined but not used [-Wunused-variable]
 static u8 send_buffer[256] = {'a','b'};     //string mode
           ^
example/example_tcpclient.c:162:17: warning: 'timeLocal' defined but not used [-Wunused-variable]
 static ST_Time  timeLocal;
                 ^
example/example_tcpclient.c:163:17: warning: 'pTime' defined but not used [-Wunused-variable]
 static ST_Time* pTime = NULL;
                 ^
example/example_tcpclient.c:165:12: warning: 'ntptime' defined but not used [-Wunused-variable]
 static s32 ntptime=0;
            ^
example/example_tcpclient.c:166:11: warning: 'flag_send' defined but not used [-Wunused-variable]
 static u8 flag_send=0;
           ^
example/utility.c: In function 'Check_Separator':
example/utility.c:45:5: warning: suggest parentheses around assignment used as truth value [-Wparentheses]
     while (pChar1 = Ql_strstr(pConnCfg, "<"))
     ^
example/utility.c:52:5: warning: suggest parentheses around assignment used as truth value [-Wparentheses]
     while (pChar1 = Ql_strstr(pConnCfg, ">"))
     ^
example/utility.c:59:5: warning: suggest parentheses around assignment used as truth value [-Wparentheses]
     while (pChar1 = Ql_strstr(pConnCfg, ">,<"))
     ^
example/utility.c:42:11: warning: unused variable 'pChar2' [-Wunused-variable]
     char* pChar2;
           ^
example/utility.c: In function 'Analyse_Command':
example/utility.c:103:5: warning: suggest parentheses around assignment used as truth value [-Wparentheses]
     if (q = (u8*)Ql_strstr((char*)src_str,"\r\n"))//remove\r\n
     ^
example/utility.c:120:17: warning: suggest parentheses around assignment used as truth value [-Wparentheses]
                 if (p[i+1] = (u8*)Ql_strstr((char*)p[i],">"))
                 ^
custom/fifo.c: In function 'lock':
custom/fifo.c:8:2: warning: implicit declaration of function 'Ql_Sleep' [-Wimplicit-function-declaration]
  while(s->protect){Ql_Sleep(2);};
  ^
